\BOOKMARK [0][]{chapter.1}{\376\377\0001\000\040\136\070\137\256\122\006\145\271\172\013\166\204\211\343\154\325}{}% 1
\BOOKMARK [1][]{section.1.1}{\376\377\0001\000.\0001\000\040\140\160\137\123\145\271\172\013}{chapter.1}% 2
\BOOKMARK [1][]{section.1.2}{\376\377\0001\000.\0002\000\040\116\000\226\066\176\277\140\047\145\271\172\013}{chapter.1}% 3
\BOOKMARK [1][]{section.1.3}{\376\377\0001\000.\0003\000\040\116\000\226\066\226\220\137\017\145\271\172\013}{chapter.1}% 4
\BOOKMARK [1][]{section.1.4}{\376\377\0001\000.\0004\000\040\121\166\116\326\221\315\211\201\166\204\136\070\137\256\122\006\145\271\172\013}{chapter.1}% 5
\BOOKMARK [1][]{section.1.5}{\376\377\0001\000.\0005\000\040\136\102\176\247\145\160\211\343\154\325}{chapter.1}% 6
\BOOKMARK [0][]{chapter.2}{\376\377\0002\000\040\211\343\166\204\133\130\127\050\140\047\124\214\125\057\116\000\140\047}{}% 7
\BOOKMARK [1][]{section.2.1}{\376\377\0002\000.\0001\000\040\000P\000i\000c\000a\000r\000d\133\232\164\006}{chapter.2}% 8
\BOOKMARK [1][]{section.2.2}{\376\377\0002\000.\0002\000\040\211\343\166\204\136\366\117\070\133\232\164\006}{chapter.2}% 9
\BOOKMARK [1][]{section.2.3}{\376\377\0002\000.\0003\000\040\153\324\217\203\133\232\164\006}{chapter.2}% 10
\BOOKMARK [0][]{chapter.3}{\376\377\0003\000\040\211\343\133\371\122\035\120\074\124\214\123\302\145\160\166\204\117\235\215\126\140\047}{}% 11
\BOOKMARK [1][]{section.3.1}{\376\377\0003\000.\0001\000\040\211\343\133\371\122\035\120\074\124\214\123\302\145\160\166\204\217\336\176\355\117\235\215\126\140\047}{chapter.3}% 12
\BOOKMARK [1][]{section.3.2}{\376\377\0003\000.\0002\000\040\211\343\133\371\122\035\120\074\124\214\123\302\145\160\166\204\217\336\176\355\123\357\137\256\140\047}{chapter.3}% 13
\BOOKMARK [0][]{chapter.4}{\376\377\0004\000\040\176\277\140\047\137\256\122\006\145\271\172\013\176\304}{}% 14
\BOOKMARK [1][]{section.4.1}{\376\377\0004\000.\0001\000\040\176\277\140\047\137\256\122\006\145\271\172\013\176\304\166\204\116\000\202\054\164\006\213\272}{chapter.4}% 15
\BOOKMARK [1][]{section.4.2}{\376\377\0004\000.\0002\000\040\136\070\174\373\145\160\176\277\140\047\137\256\122\006\145\271\172\013\176\304}{chapter.4}% 16
\BOOKMARK [1][]{section.4.3}{\376\377\0004\000.\0003\000\040\232\330\226\066\176\277\140\047\137\256\122\006\145\271\172\013\176\304}{chapter.4}% 17
\BOOKMARK [1][]{section.4.4}{\376\377\0004\000.\0004\000\040\124\150\147\037\174\373\145\160\176\277\140\047\137\256\122\006\145\271\172\013\176\304}{chapter.4}% 18
\BOOKMARK [0][]{chapter.5}{\376\377\0005\000\040\217\271\120\074\225\356\230\230}{}% 19
\BOOKMARK [1][]{section.5.1}{\376\377\0005\000.\0001\000\040\000S\000t\000u\000r\000m\153\324\217\203\133\232\164\006}{chapter.5}% 20
\BOOKMARK [1][]{section.5.2}{\376\377\0005\000.\0002\000\040\000S\000t\000r\000u\000m\000-\000L\000i\000o\000u\000v\000i\000l\000l\000e\217\271\120\074\225\356\230\230}{chapter.5}% 21
\BOOKMARK [1][]{section.5.3}{\376\377\0005\000.\0003\000\040\162\171\137\201\121\375\145\160\174\373\166\204\153\143\116\244\140\047}{chapter.5}% 22
\BOOKMARK [1][]{section.5.4}{\376\377\0005\000.\0004\000\040\124\150\147\037\217\271\120\074\225\356\230\230}{chapter.5}% 23
\BOOKMARK [0][]{chapter.6}{\376\377\0006\000\040\136\070\137\256\122\006\145\271\172\013\133\232\140\047\164\006\213\272}{}% 24
\BOOKMARK [1][]{section.6.1}{\376\377\0006\000.\0001\000\040\122\250\122\233\174\373\176\337\060\001\166\370\172\172\225\364\060\001\217\150\176\277}{chapter.6}% 25
\BOOKMARK [1][]{section.6.2}{\376\377\0006\000.\0002\000\040\000L\000y\000a\000p\000u\000n\000o\000v\172\063\133\232\140\047}{chapter.6}% 26
\BOOKMARK [1][]{section.6.3}{\376\377\0006\000.\0003\000\040\136\163\227\142\131\107\160\271\124\214\147\201\226\120\163\257}{chapter.6}% 27
\BOOKMARK [0][]{chapter.7}{\376\377\0007\000\040\116\000\226\066\120\117\137\256\122\006\145\271\172\013}{}% 28
\BOOKMARK [1][]{section.7.1}{\376\377\0007\000.\0001\000\040\231\226\153\041\171\357\122\006}{chapter.7}% 29
