\BOOKMARK [0][]{chapter.1}{\376\377\0001\000\040\155\210\215\071\200\005\210\114\116\072}{}% 1
\BOOKMARK [1][]{section.1.1}{\376\377\0001\000.\0001\000\040\155\210\215\071\226\306\124\214\230\204\173\227\176\246\147\137}{chapter.1}% 2
\BOOKMARK [2][]{subsection.1.1.1}{\376\377\0001\000.\0001\000.\0001\000\040\155\210\215\071\226\306}{section.1.1}% 3
\BOOKMARK [2][]{subsection.1.1.2}{\376\377\0001\000.\0001\000.\0002\000\040\230\204\173\227\176\246\147\137}{section.1.1}% 4
\BOOKMARK [1][]{section.1.2}{\376\377\0001\000.\0002\000\040\120\117\131\175\121\163\174\373\124\214\145\110\165\050\121\375\145\160}{chapter.1}% 5
\BOOKMARK [1][]{section.1.3}{\376\377\0001\000.\0003\000\040\120\117\131\175\116\016\220\011\142\351}{chapter.1}% 6
\BOOKMARK [2][]{subsection.1.3.1}{\376\377\0001\000.\0003\000.\0001\000\040\162\171\153\212\145\110\165\050\121\375\145\160\166\204\213\241\173\227\116\213\117\213}{section.1.3}% 7
\BOOKMARK [1][]{section.1.4}{\376\377\0001\000.\0004\000\040\155\210\215\071\200\005\166\204\147\000\117\030\220\011\142\351}{chapter.1}% 8
\BOOKMARK [2][]{subsection.1.4.1}{\376\377\0001\000.\0004\000.\0001\000\040\145\110\165\050\147\000\131\047\123\026\225\356\230\230\000\050\000U\000M\000P\000\051}{section.1.4}% 9
\BOOKMARK [2][]{subsection.1.4.2}{\376\377\0001\000.\0004\000.\0002\000\040\145\057\121\372\147\000\134\017\123\026\225\356\230\230\000\050\000E\000M\000P\000\051}{section.1.4}% 10
\BOOKMARK [2][]{subsection.1.4.3}{\376\377\0001\000.\0004\000.\0003\000\040\133\371\120\166\140\047\000:\000\040\000U\000M\000P\116\016\000E\000M\000P\166\204\200\124\174\373}{section.1.4}% 11
\BOOKMARK [1][]{section.1.5}{\376\377\0001\000.\0005\000\040\127\372\116\216\147\000\117\030\220\011\142\351\166\204\217\333\116\000\153\145\122\006\147\220}{chapter.1}% 12
\BOOKMARK [2][]{subsection.1.5.1}{\376\377\0001\000.\0005\000.\0001\000\040\145\066\121\145\145\110\136\224\116\016\146\377\116\343\145\110\136\224}{section.1.5}% 13
\BOOKMARK [2][]{subsection.1.5.2}{\376\377\0001\000.\0005\000.\0002\000\040\171\217\122\051\122\006\147\220}{section.1.5}% 14
\BOOKMARK [2][]{subsection.1.5.3}{\376\377\0001\000.\0005\000.\0003\000\040\122\240\140\073\124\214\227\000\154\102}{section.1.5}% 15
\BOOKMARK [1][]{section.1.6}{\376\377\0001\000.\0006\000\040\121\166\116\326\225\356\230\230}{chapter.1}% 16
\BOOKMARK [2][]{subsection.1.6.1}{\376\377\0001\000.\0006\000.\0001\000\040\116\015\170\156\133\232\140\047\116\013\166\204\220\011\142\351}{section.1.6}% 17
\BOOKMARK [2][]{subsection.1.6.2}{\376\377\0001\000.\0006\000.\0002\000\040\215\350\147\037\220\011\142\351}{section.1.6}% 18
\BOOKMARK [0][]{chapter.2}{\376\377\0002\000\040\165\037\116\247\200\005\210\114\116\072}{}% 19
\BOOKMARK [0][]{chapter.3}{\376\377\0003\000\040\116\000\202\054\127\107\210\141\164\006\213\272}{}% 20
\BOOKMARK [0][]{chapter.4}{\376\377\0004\000\040\123\132\137\010\213\272\127\372\170\100}{}% 21
\BOOKMARK [0][]{chapter.5}{\376\377\0005\000\040\136\002\127\072\176\323\147\204\122\006\147\220}{}% 22
\BOOKMARK [0][]{chapter.6}{\376\377\0006\000\040\136\002\127\072\131\061\160\165}{}% 23
