\BOOKMARK [-1][]{part.1}{\376\377\173\054\116\000\220\350\122\006\000\040\122\035\173\111\151\202\163\207\213\272\166\204\137\025\121\145}{}% 1
\BOOKMARK [0][]{chapter.1}{\376\377\0001\000\040\151\202\163\207\172\172\225\364}{part.1}% 2
\BOOKMARK [1][]{section.1.1}{\376\377\0001\000.\0001\000\040\151\202\163\207\166\204\121\154\164\006\123\026\133\232\116\111}{chapter.1}% 3
\BOOKMARK [1][]{section.1.2}{\376\377\0001\000.\0002\000\040\151\202\163\207\166\204\217\336\176\355\140\047}{chapter.1}% 4
\BOOKMARK [1][]{section.1.3}{\376\377\0001\000.\0003\000\040\000B\000o\000r\000e\000l\000-\000C\000a\000n\000t\000e\000l\000i\137\025\164\006}{chapter.1}% 5
\BOOKMARK [1][]{section.1.4}{\376\377\0001\000.\0004\000\040\147\141\116\366\151\202\163\207\060\001\121\150\151\202\163\207\121\154\137\017\060\001\000B\000a\000y\000e\000s\121\154\137\017}{chapter.1}% 6
\BOOKMARK [2][]{subsection.1.4.1}{\376\377\0001\000.\0004\000.\0001\000\040\147\141\116\366\151\202\163\207}{section.1.4}% 7
\BOOKMARK [2][]{subsection.1.4.2}{\376\377\0001\000.\0004\000.\0002\000\040\121\150\151\202\163\207\121\154\137\017\116\016\000B\000a\000y\000e\000s\121\154\137\017}{section.1.4}% 8
\BOOKMARK [0][]{chapter.2}{\376\377\0002\000\040\226\217\147\072\123\330\221\317}{part.1}% 9
\BOOKMARK [0][]{chapter.3}{\376\377\0003\000\040\226\217\147\072\124\021\221\317}{part.1}% 10
\BOOKMARK [1][]{section.3.1}{\376\377\0003\000.\0001\000\040\226\217\147\072\124\021\221\317}{chapter.3}% 11
\BOOKMARK [1][]{section.3.2}{\376\377\0003\000.\0002\000\040\171\273\145\143\127\213\226\217\147\072\124\021\221\317}{chapter.3}% 12
\BOOKMARK [1][]{section.3.3}{\376\377\0003\000.\0003\000\040\217\336\176\355\127\213\226\217\147\072\124\021\221\317}{chapter.3}% 13
\BOOKMARK [0][]{chapter.4}{\376\377\0004\000\040\221\315\211\201\145\160\143\156\162\171\137\201}{part.1}% 14
\BOOKMARK [1][]{section.4.1}{\376\377\0004\000.\0001\000\040\145\160\133\146\147\037\147\033\116\016\145\271\135\356}{chapter.4}% 15
\BOOKMARK [1][]{section.4.2}{\376\377\0004\000.\0002\000\040\145\160\133\146\147\037\147\033\116\016\145\271\135\356\166\204\140\047\215\050}{chapter.4}% 16
\BOOKMARK [1][]{section.4.3}{\376\377\0004\000.\0003\000\040\123\117\145\271\135\356\060\001\166\370\121\163\174\373\145\160}{chapter.4}% 17
\BOOKMARK [1][]{section.4.4}{\376\377\0004\000.\0004\000\040\147\141\116\366\145\160\133\146\147\037\147\033}{chapter.4}% 18
\BOOKMARK [0][]{chapter.5}{\376\377\0005\000\040\221\315\211\201\133\232\164\006}{part.1}% 19
\BOOKMARK [1][]{section.5.1}{\376\377\0005\000.\0001\000\040\167\351\153\315\121\375\145\160}{chapter.5}% 20
\BOOKMARK [1][]{section.5.2}{\376\377\0005\000.\0002\000\040\162\171\137\201\121\375\145\160}{chapter.5}% 21
\BOOKMARK [1][]{section.5.3}{\376\377\0005\000.\0003\000\040\131\032\121\103\153\143\140\001\122\006\136\003}{chapter.5}% 22
\BOOKMARK [1][]{section.5.4}{\376\377\0005\000.\0004\000\040\131\047\145\160\133\232\137\213}{chapter.5}% 23
\BOOKMARK [1][]{section.5.5}{\376\377\0005\000.\0005\000\040\116\055\137\303\147\201\226\120\133\232\164\006}{chapter.5}% 24
\BOOKMARK [0][]{chapter.6}{\376\377\0006\000\040\147\000\124\016\166\204\147\000\124\016\000:\126\336\230\176}{part.1}% 25
\BOOKMARK [1][]{section.6.1}{\376\377\0006\000.\0001\000\040\162\354\172\313\140\047}{chapter.6}% 26
\BOOKMARK [1][]{section.6.2}{\376\377\0006\000.\0002\000\040\145\066\145\133\140\047}{chapter.6}% 27
\BOOKMARK [1][]{section.6.3}{\376\377\0006\000.\0003\000\040\131\047\145\160\133\232\137\213}{chapter.6}% 28
\BOOKMARK [1][]{section.6.4}{\376\377\0006\000.\0004\000\040\162\171\137\201\121\375\145\160\116\016\116\055\137\303\147\201\226\120\133\232\164\006}{chapter.6}% 29
\BOOKMARK [-1][]{part.2}{\376\377\173\054\116\214\220\350\122\006\000\040\217\333\226\066\121\205\133\271\210\145\121\105}{}% 30
\BOOKMARK [-1][]{part.3}{\376\377\173\054\116\011\220\350\122\006\000\040\151\202\163\207\213\272\116\140\230\230\145\164\164\006\000\050\124\053\134\017\155\113\230\230\060\001\123\206\136\164\123\167\000\051}{}% 31
\BOOKMARK [0][]{chapter.7}{\376\377\0007\000\040\203\006\116\146\116\012\116\140\230\230}{part.3}% 32
\BOOKMARK [0][]{chapter.8}{\376\377\0008\000\040\124\064\146\012\213\262\116\111\116\012\116\140\230\230}{part.3}% 33
\BOOKMARK [0][]{chapter.9}{\376\377\0009\000\040\134\017\155\113\230\230}{part.3}% 34
\BOOKMARK [1][]{section.9.1}{\376\377\0009\000.\0001\000\040\173\054\116\000\153\041\134\017\155\113}{chapter.9}% 35
\BOOKMARK [1][]{section.9.2}{\376\377\0009\000.\0002\000\040\173\054\116\214\153\041\134\017\155\113}{chapter.9}% 36
\BOOKMARK [1][]{section.9.3}{\376\377\0009\000.\0003\000\040\173\054\116\011\153\041\134\017\155\113}{chapter.9}% 37
\BOOKMARK [0][]{chapter.10}{\376\377\0001\0000\000\040\123\206\136\164\123\167}{part.3}% 38
\BOOKMARK [1][]{section.10.1}{\376\377\0001\0000\000.\0001\000\040\0002\0000\0002\0003\000-\0002\0000\0002\0004\151\202\163\207\213\272\0003\000.\0005\133\146\122\006\000z\000l\000x\163\355}{chapter.10}% 39
\BOOKMARK [1][]{section.10.2}{\376\377\0001\0000\000.\0002\000\040\0002\0000\0002\0002\000-\0002\0000\0002\0003\151\202\163\207\213\272\0003\000.\0005\133\146\122\006\000z\000l\000x\163\355}{chapter.10}% 40
\BOOKMARK [1][]{section.10.3}{\376\377\0001\0000\000.\0003\000\040\0002\0000\0002\0001\000-\0002\0000\0002\0002\151\202\163\207\213\272\0003\000.\0005\133\146\122\006\000z\000l\000x\163\355}{chapter.10}% 41
